-- Loading dataset	
Loading vocabulary from ../data/model/vocab.t7 ...	

Dataset stats:	
  Vocabulary size: 38558	
         Examples: 72499	

-- Epoch 1 / 50	
	

Finished in 1h17m 15.503665549837 examples/sec.	

Epoch stats:	
           LR= 0.05	
  Errors: min= 0	
          max= 251.00352478027	
       median= 56.930769443512	
         mean= 64.998959363159	
          std= 37.078106533575	

(Saving model ...)	
Test Example 1	
>> A hole in a hole in a hole in a hole in a hole in a hole in a hole	
1000	
----------------------------------------	
Test Example 2	
>> A source of a source of a source of a source of a source of a source of a source	
2000	
----------------------------------------	
Test Example 3	
>> A city	
3000	
----------------------------------------	
Test Example 4	
>> A ship	
4000	
----------------------------------------	
Test Example 5	
>> Any of a source of a source of a source of a source of a source of a source of	
5000	
----------------------------------------	
Test Example 6	
>> Genus	
6000	
----------------------------------------	
Test Example 7	
>> A source of a source of a source of a source of a source of a source of a source	
7000	
----------------------------------------	
Test Example 8	
>> A city	
8000	
----------------------------------------	
Test Example 9	
>> A small edible	
9000	
----------------------------------------	
Test Example 10	
>> A ship	
10000	
----------------------------------------	
Test Example 11	
>> A ship	
11000	
----------------------------------------	
Test Example 12	
>> A source of a source of a source of a source of a source of a source of a source	
12000	
----------------------------------------	
Test Example 13	
>> A woman	
13000	
----------------------------------------	
Test Example 14	
>> A source of the same in a source of the same in a source of the same in a source	
14000	
----------------------------------------	
Test Example 15	
>> Any of a source of a source of a source of a source of a source of a source of	
15000	
----------------------------------------	
Test Example 16	
>> The same	
16000	
----------------------------------------	
Test Example 17	
>> A woman	
17000	
----------------------------------------	
Test Example 18	
>> A source of a source of a source of a source of a source of a source of a source	
18000	
----------------------------------------	
Test Example 19	
>> A woman	
19000	
----------------------------------------	
Test Example 20	
>> Any of the same species in a source of the same species in a source of the same species in	
20000	
----------------------------------------	
Test Example 21	
>> In a woman	
21000	
----------------------------------------	
Test Example 22	
>> A source of a source of a source of a source of a source of a source of a source	
22000	
----------------------------------------	
Test Example 23	
>> The same	
23000	
----------------------------------------	
Test Example 24	
>> The same	
24000	
----------------------------------------	
Test Example 25	
>> The same	
25000	
----------------------------------------	
Test Example 26	
>> A source of the same species of the same species of the same species of the same species of the	
26000	
----------------------------------------	
Test Example 27	
>> A ship	
27000	
----------------------------------------	
Test Example 28	
>> A woman	
28000	
----------------------------------------	
Test Example 29	
>> A source of a source of a source of a source of a source of a source of a source	
29000	
----------------------------------------	
Test Example 30	
>> A vein	
30000	
----------------------------------------	
Test Example 31	
>> The same	
31000	
----------------------------------------	
Test Example 32	
>> A source of the same and a source of the same and a source of the same and a source	
32000	
----------------------------------------	
Test Example 33	
>> A city	
33000	
----------------------------------------	
Test Example 34	
>> In a state	
34000	
----------------------------------------	
Test Example 35	
>> Type genus	
35000	
----------------------------------------	
Test Example 36	
>> A ship	
36000	
----------------------------------------	
Test Example 37	
>> A source of the same in a source of the same in a source of the same in a source	
37000	
----------------------------------------	
Test Example 38	
>> In a ship	
38000	
----------------------------------------	
Test Example 39	
>> Genus	
39000	
----------------------------------------	
Test Example 40	
>> One thousandth	
40000	
----------------------------------------	
Test Example 41	
>> In a woman	
41000	
----------------------------------------	
Test Example 42	
>> A woman	
42000	
----------------------------------------	
Test Example 43	
>> A city in a city in a city in a city in a city in a city in a city	
43000	
----------------------------------------	
Test Example 44	
>> A woman	
44000	
----------------------------------------	
Test Example 45	
>> In a small or in a small or in a small or in a small or in a small or	
45000	
----------------------------------------	
Test Example 46	
>> An acute infection	
46000	
----------------------------------------	
Test Example 47	
>> In a source of the same in a source of the same in a source of the same in a	
47000	
----------------------------------------	
Test Example 48	
>> In a woman	
48000	
----------------------------------------	
Test Example 49	
>> In a ship	
49000	
----------------------------------------	
Test Example 50	
>> A ship	
50000	
----------------------------------------	
Test Example 51	
>> A hole	
51000	
----------------------------------------	
Test Example 52	
>> A woman	
52000	
----------------------------------------	
Test Example 53	
>> A source of the same species of the same species of the same species of the same species of the	
53000	
----------------------------------------	
Test Example 54	
>> A source of the same name	
54000	
----------------------------------------	
Test Example 55	
>> Type genus	
55000	
----------------------------------------	
Test Example 56	
>> A ship	
56000	
----------------------------------------	
Test Example 57	
>> Any of a source of a source of a source of a source of a source of a source of	
57000	
----------------------------------------	
Test Example 58	
>> Any of a source of a source of a source of a source of a source of a source of	
58000	
----------------------------------------	
Test Example 59	
>> A source of the same species	
59000	
----------------------------------------	
Test Example 60	
>> A group of the third	
60000	
----------------------------------------	
Test Example 61	
>> The same in a ship	
61000	
----------------------------------------	
Test Example 62	
>> A ship	
62000	
----------------------------------------	
Test Example 63	
>> A woman	
63000	
----------------------------------------	
Test Example 64	
>> A source of a source of a source of a source of a source of a source of a source	
64000	
----------------------------------------	
Test Example 65	
>> A source of the same species of the same species of the same species of the same species of the	
65000	
----------------------------------------	
Test Example 66	
>> A ship	
66000	
----------------------------------------	
Test Example 67	
>> A source of a source of a source of a source of a source of a source of a source	
67000	
----------------------------------------	
Test Example 68	
>> In a source of the same in a source of the same in a source of the same in a	
68000	
----------------------------------------	
Test Example 69	
>> A ship	
69000	
----------------------------------------	
Test Example 70	
>> A ship	
70000	
----------------------------------------	
Test Example 71	
>> The third	
71000	
----------------------------------------	
Test Example 72	
>> A group of the first and a group of the first and a group of the first and a group	
72000	
----------------------------------------	

-- Epoch 2 / 50	
	

Finished in 1h17m 15.524570941118 examples/sec.	

Epoch stats:	
           LR= 0.048750625	
  Errors: min= 0	
          max= 225.72026968002	
       median= 49.113101482391	
         mean= 56.223702606059	
          std= 32.751770444029	

(Saving model ...)	
Test Example 1	
>> A small round head	
1000	
----------------------------------------	
Test Example 2	
>> A a a a a a a a a a a a a a a a a a a a	
2000	
----------------------------------------	
Test Example 3	
>> A city in a city in a city in a city in a city in a city in a city	
3000	
----------------------------------------	
Test Example 4	
>> A small	
4000	
----------------------------------------	
Test Example 5	
>> Any of a small tree of a small tree of a small tree of a small tree of a small	
5000	
----------------------------------------	
Test Example 6	
>> Genus of a plant and a plant and a plant and a plant and a plant and a plant and	
6000	
----------------------------------------	
Test Example 7	
>> A source of a source of a source of a source of a source of a source of a source	
7000	
----------------------------------------	
Test Example 8	
>> A state in a state in a state in a state in a state in a state in a state	
8000	
----------------------------------------	
Test Example 9	
>> A large and a large and a large and a large and a large and a large and a large	
9000	
----------------------------------------	
Test Example 10	
>> A ship	
10000	
----------------------------------------	
Test Example 11	
>> A small	
11000	
----------------------------------------	
Test Example 12	
>> A small tree	
12000	
----------------------------------------	
Test Example 13	
>> A woman	
13000	
----------------------------------------	
Test Example 14	
>> A small round head of a small round head of a small round head of a small round head of	
14000	
----------------------------------------	
Test Example 15	
>> A small tree of a small tree of a small tree of a small tree of a small tree of	
15000	
----------------------------------------	
Test Example 16	
>> The same	
16000	
----------------------------------------	
Test Example 17	
>> French	
17000	
----------------------------------------	
Test Example 18	
>> A metal in a metal in a metal in a metal in a metal in a metal in a metal	
18000	
----------------------------------------	
Test Example 19	
>> A woman	
19000	
----------------------------------------	
Test Example 20	
>> Type of the number	
20000	
----------------------------------------	
Test Example 21	
>> In a woman	
21000	
----------------------------------------	
Test Example 22	
>> A small round head of a small round head of a small round head of a small round head of	
22000	
----------------------------------------	
Test Example 23	
>> The same as a noun	
23000	
----------------------------------------	
Test Example 24	
>> Not in a small	
24000	
----------------------------------------	
Test Example 25	
>> The property of a woman	
25000	
----------------------------------------	
Test Example 26	
>> A small and a small and a small and a small and a small and a small and a small	
26000	
----------------------------------------	
Test Example 27	
>> A small round in a small round in a small round in a small round in a small round in	
27000	
----------------------------------------	
Test Example 28	
>> A woman	
28000	
----------------------------------------	
Test Example 29	
>> A small round sweet and a small round sweet and a small round sweet and a small round sweet and	
29000	
----------------------------------------	
Test Example 30	
>> One side	
30000	
----------------------------------------	
Test Example 31	
>> The state	
31000	
----------------------------------------	
Test Example 32	
>> A family in the first a family in the first a family in the first a family in the first	
32000	
----------------------------------------	
Test Example 33	
>> A city in a city in a city in a city in a city in a city in a city	
33000	
----------------------------------------	
Test Example 34	
>> In a state	
34000	
----------------------------------------	
Test Example 35	
>> A family in a family in a family in a family in a family in a family in a family	
35000	
----------------------------------------	
Test Example 36	
>> A small round in a small round in a small round in a small round in a small round in	
36000	
----------------------------------------	
Test Example 37	
>> A mathematical	
37000	
----------------------------------------	
Test Example 38	
>> A small	
38000	
----------------------------------------	
Test Example 39	
>> Genus of the first and a family polypodiaceae and a family polypodiaceae and a family polypodiaceae and a family polypodiaceae	
39000	
----------------------------------------	
Test Example 40	
>> One side	
40000	
----------------------------------------	
Test Example 41	
>> In a person or a person or a person or a person or a person or a person or a	
41000	
----------------------------------------	
Test Example 42	
>> Type genus of a small round the same species	
42000	
----------------------------------------	
Test Example 43	
>> A city in a city in a city in a city in a city in a city in a city	
43000	
----------------------------------------	
Test Example 44	
>> A woman	
44000	
----------------------------------------	
Test Example 45	
>> In a body in a body in a body in a body in a body in a body in a	
45000	
----------------------------------------	
Test Example 46	
>> Inflammation of the state in a symptom of the state in a symptom of the state in a symptom of	
46000	
----------------------------------------	
Test Example 47	
>> An antibody	
47000	
----------------------------------------	
Test Example 48	
>> In a woman	
48000	
----------------------------------------	
Test Example 49	
>> In a ship	
49000	
----------------------------------------	
Test Example 50	
>> A woman	
50000	
----------------------------------------	
Test Example 51	
>> A small	
51000	
----------------------------------------	
Test Example 52	
>> In a woman	
52000	
----------------------------------------	
Test Example 53	
>> Genus of a family in a family in a family in a family in a family in a family in	
53000	
----------------------------------------	
Test Example 54	
>> A large and a large and a large and a large and a large and a large and a large	
54000	
----------------------------------------	
Test Example 55	
>> Genus of a family in a family in a family in a family in a family in a family in	
55000	
----------------------------------------	
Test Example 56	
>> A ship	
56000	
----------------------------------------	
Test Example 57	
>> Any of a small tree	
57000	
----------------------------------------	
Test Example 58	
>> Any of a small tree of a small tree of a small tree of a small tree of a small	
58000	
----------------------------------------	
Test Example 59	
>> A symptom of the state	
59000	
----------------------------------------	
Test Example 60	
>> A city in a city in a city in a city in a city in a city in a city	
60000	
----------------------------------------	
Test Example 61	
>> The same as a ship	
61000	
----------------------------------------	
Test Example 62	
>> A small	
62000	
----------------------------------------	
Test Example 63	
>> A woman	
63000	
----------------------------------------	
Test Example 64	
>> A small round head of a small round head of a small round head of a small round head of	
64000	
----------------------------------------	
Test Example 65	
>> Any of a small and a small and a small and a small and a small and a small and	
65000	
----------------------------------------	
Test Example 66	
>> A ship	
66000	
----------------------------------------	
Test Example 67	
>> A plant and a plant and a plant and a plant and a plant and a plant and a plant	
67000	
----------------------------------------	
Test Example 68	
>> In a source of a source of a source of a source of a source of a source of a	
68000	
----------------------------------------	
Test Example 69	
>> A musical instrument	
69000	
----------------------------------------	
Test Example 70	
>> A ship	
70000	
----------------------------------------	
Test Example 71	
>> A city in a city in a city in a city in a city in a city in a city	
71000	
----------------------------------------	
Test Example 72	
>> An antibody	
72000	
----------------------------------------	

-- Epoch 3 / 50	
	

Finished in 1h18m 15.459655880504 examples/sec.	

Epoch stats:	
           LR= 0.04750125	
  Errors: min= 0	
          max= 202.32475709915	
       median= 44.401319503784	
         mean= 51.047909234461	
          std= 30.060380230173	

(Saving model ...)	
Test Example 1	
>> A small or a small or a small or a small or a small or a small or a small	
1000	
----------------------------------------	
Test Example 2	
>> A small or a small or a small or a small or a small or a small or a small	
2000	
----------------------------------------	
Test Example 3	
>> A large heavy loads	
3000	
----------------------------------------	
Test Example 4	
>> A noun in a noun in a noun in a noun in a noun in a noun in a noun	
4000	
----------------------------------------	
Test Example 5	
>> Any of a small flowers	
5000	
----------------------------------------	
Test Example 6	
>> A small flowers	
6000	
----------------------------------------	
Test Example 7	
>> A small enough to the production	
7000	
----------------------------------------	
Test Example 8	
>> A large heavy loads	
8000	
----------------------------------------	
Test Example 9	
>> A small and a small and a small and a small and a small and a small and a small	
9000	
----------------------------------------	
Test Example 10	
>> A small	
10000	
----------------------------------------	
Test Example 11	
>> A small or a small or a small or a small or a small or a small or a small	
11000	
----------------------------------------	
Test Example 12	
>> A small tree	
12000	
----------------------------------------	
Test Example 13	
>> The same to the same to the same to the same to the same to the same to the same	
13000	
----------------------------------------	
Test Example 14	
>> A small flowers	
14000	
----------------------------------------	
Test Example 15	
>> Any of a small flowers	
15000	
----------------------------------------	
Test Example 16	
>> The same to the same to the same to the same to the same to the same to the same	
16000	
----------------------------------------	
Test Example 17	
>> French	
17000	
----------------------------------------	
Test Example 18	
>> A small and a small and a small and a small and a small and a small and a small	
18000	
----------------------------------------	
Test Example 19	
>> A new england	
19000	
----------------------------------------	
Test Example 20	
>> A phylum in a phylum in a phylum in a phylum in a phylum in a phylum in a phylum	
20000	
----------------------------------------	
Test Example 21	
>> In a small	
21000	
----------------------------------------	
Test Example 22	
>> A small and a small and a small and a small and a small and a small and a small	
22000	
----------------------------------------	
Test Example 23	
>> The state	
23000	
----------------------------------------	
Test Example 24	
>> Not yet to the state	
24000	
----------------------------------------	
Test Example 25	
>> The state	
25000	
----------------------------------------	
Test Example 26	
>> A small and a small and a small and a small and a small and a small and a small	
26000	
----------------------------------------	
Test Example 27	
>> A large and a large and a large and a large and a large and a large and a large	
27000	
----------------------------------------	
Test Example 28	
>> A court	
28000	
----------------------------------------	
Test Example 29	
>> A small or a small or a small or a small or a small or a small or a small	
29000	
----------------------------------------	
Test Example 30	
>> One of a bone marrow as a bone marrow as a bone marrow as a bone marrow as a bone	
30000	
----------------------------------------	
Test Example 31	
>> The state	
31000	
----------------------------------------	
Test Example 32	
>> Genus of a small flowers	
32000	
----------------------------------------	
Test Example 33	
>> A large or a large or a large or a large or a large or a large or a large	
33000	
----------------------------------------	
Test Example 34	
>> Cause to the state	
34000	
----------------------------------------	
Test Example 35	
>> A small and a small and a small and a small and a small and a small and a small	
35000	
----------------------------------------	
Test Example 36	
>> A large and a large and a large and a large and a large and a large and a large	
36000	
----------------------------------------	
Test Example 37	
>> The same to the same to the same to the same to the same to the same to the same	
37000	
----------------------------------------	
Test Example 38	
>> In a small	
38000	
----------------------------------------	
Test Example 39	
>> Genus of a large and a large and a large and a large and a large and a large and	
39000	
----------------------------------------	
Test Example 40	
>> Any of a bone above the bone above the bone above the bone above the bone above the bone above	
40000	
----------------------------------------	
Test Example 41	
>> In a small	
41000	
----------------------------------------	
Test Example 42	
>> A large and a large and a large and a large and a large and a large and a large	
42000	
----------------------------------------	
Test Example 43	
>> A city in a city in a city in a city in a city in a city in a city	
43000	
----------------------------------------	
Test Example 44	
>> A woman	
44000	
----------------------------------------	
Test Example 45	
>> In a small or a small or a small or a small or a small or a small or a	
45000	
----------------------------------------	
Test Example 46	
>> Inflammation of a state	
46000	
----------------------------------------	
Test Example 47	
>> In a cell or a cell or a cell or a cell or a cell or a cell or a	
47000	
----------------------------------------	
Test Example 48	
>> A woman	
48000	
----------------------------------------	
Test Example 49	
>> In a new england	
49000	
----------------------------------------	
Test Example 50	
>> A woman	
50000	
----------------------------------------	
Test Example 51	
>> A small	
51000	
----------------------------------------	
Test Example 52	
>> A woman	
52000	
----------------------------------------	
Test Example 53	
>> Genus of a large and a large and a large and a large and a large and a large and	
53000	
----------------------------------------	
Test Example 54	
>> A large and a large and a large and a large and a large and a large and a large	
54000	
----------------------------------------	
Test Example 55	
>> Genus of a large and a large and a large and a large and a large and a large and	
55000	
----------------------------------------	
Test Example 56	
>> A small	
56000	
----------------------------------------	
Test Example 57	
>> Any of a small tree	
57000	
----------------------------------------	
Test Example 58	
>> Any of a small tree	
58000	
----------------------------------------	
Test Example 59	
>> A virus	
59000	
----------------------------------------	
Test Example 60	
>> A large eyes	
60000	
----------------------------------------	
Test Example 61	
>> The same to the same to the same to the same to the same to the same to the same	
61000	
----------------------------------------	
Test Example 62	
>> A small	
62000	
----------------------------------------	
Test Example 63	
>> A court	
63000	
----------------------------------------	
Test Example 64	
>> A small flowers	
64000	
----------------------------------------	
Test Example 65	
>> Any of a small and a small and a small and a small and a small and a small and	
65000	
----------------------------------------	
Test Example 66	
>> A large and a large and a large and a large and a large and a large and a large	
66000	
----------------------------------------	
Test Example 67	
>> Any of a plant and a plant and a plant and a plant and a plant and a plant and	
67000	
----------------------------------------	
Test Example 68	
>> In a mineral consisting of the same in a mineral consisting of the same in a mineral consisting of the	
68000	
----------------------------------------	
Test Example 69	
>> A small or a small or a small or a small or a small or a small or a small	
69000	
----------------------------------------	
Test Example 70	
>> A small	
70000	
----------------------------------------	
Test Example 71	
>> A national park in a national park in a national park in a national park in a national park in	
71000	
----------------------------------------	
Test Example 72	
>> One of a group of a group of a group of a group of a group of a group of	
72000	
----------------------------------------	

-- Epoch 4 / 50	
	
